<?xml version="1.0" encoding="UTF-8"?>
<!-- Generated by org.testng.reporters.JUnitXMLReporter -->
<testsuite ignored="0" hostname="ram" failures="0" tests="3" name="Chrome Test" time="13.031" errors="0" timestamp="2024-09-25T12:48:38 IST">
  <testcase classname="com.parallelExecution.AutomationParallelExecution.ParallelTest" name="TestFireBox" time="10.631"/>
  <testcase classname="com.parallelExecution.AutomationParallelExecution.ParallelTest" name="TestChromeDriver" time="10.942"/>
  <testcase classname="com.parallelExecution.AutomationParallelExecution.ParallelTest" name="TestInternetExplorer" time="11.081"/>
</testsuite> <!-- Chrome Test -->
