<?xml version="1.0" encoding="UTF-8"?>
<!-- Generated by org.testng.reporters.JUnitXMLReporter -->
<testsuite ignored="0" hostname="ram" failures="0" tests="3" name="FireFox Test" time="10.936" errors="0" timestamp="2024-09-25T12:48:49 IST">
  <testcase classname="com.parallelExecution.AutomationParallelExecution.ParallelTest" name="TestFireBox" time="5.969"/>
  <testcase classname="com.parallelExecution.AutomationParallelExecution.ParallelTest" name="TestChromeDriver" time="6.568"/>
  <testcase classname="com.parallelExecution.AutomationParallelExecution.ParallelTest" name="TestInternetExplorer" time="6.716"/>
</testsuite> <!-- FireFox Test -->
